[2020-11-03 21:20:30] local.ERROR: SQLSTATE[HY000] [1049] Unknown database 'softq' (SQL: select * from `vacations`) {"exception":"[object] (Illuminate\\Database\\QueryException(code: 1049): SQLSTATE[HY000] [1049] Unknown database 'softq' (SQL: select * from `vacations`) at /Users/Emirock/Documents/Tec/5to_Semestre/SoftQ/AMMSKLaravel/vendor/laravel/framework/src/Illuminate/Database/Connection.php:671)
[stacktrace]
#0 /Users/Emirock/Documents/Tec/5to_Semestre/SoftQ/AMMSKLaravel/vendor/laravel/framework/src/Illuminate/Database/Connection.php(631): Illuminate\\Database\\Connection->runQueryCallback('select * from `...', Array, Object(Closure))
#1 /Users/Emirock/Documents/Tec/5to_Semestre/SoftQ/AMMSKLaravel/vendor/laravel/framework/src/Illuminate/Database/Connection.php(339): Illuminate\\Database\\Connection->run('select * from `...', Array, Object(Closure))
#2 /Users/Emirock/Documents/Tec/5to_Semestre/SoftQ/AMMSKLaravel/vendor/laravel/framework/src/Illuminate/Database/Query/Builder.php(2303): Illuminate\\Database\\Connection->select('select * from `...', Array, true)
#3 /Users/Emirock/Documents/Tec/5to_Semestre/SoftQ/AMMSKLaravel/vendor/laravel/framework/src/Illuminate/Database/Query/Builder.php(2291): Illuminate\\Database\\Query\\Builder->runSelect()
#4 /Users/Emirock/Documents/Tec/5to_Semestre/SoftQ/AMMSKLaravel/vendor/laravel/framework/src/Illuminate/Database/Query/Builder.php(2786): Illuminate\\Database\\Query\\Builder->Illuminate\\Database\\Query\\{closure}()
#5 /Users/Emirock/Documents/Tec/5to_Semestre/SoftQ/AMMSKLaravel/vendor/laravel/framework/src/Illuminate/Database/Query/Builder.php(2292): Illuminate\\Database\\Query\\Builder->onceWithColumns(Array, Object(Closure))
#6 /Users/Emirock/Documents/Tec/5to_Semestre/SoftQ/AMMSKLaravel/vendor/laravel/framework/src/Illuminate/Database/Eloquent/Builder.php(549): Illuminate\\Database\\Query\\Builder->get(Array)
#7 /Users/Emirock/Documents/Tec/5to_Semestre/SoftQ/AMMSKLaravel/vendor/laravel/framework/src/Illuminate/Database/Eloquent/Builder.php(533): Illuminate\\Database\\Eloquent\\Builder->getModels(Array)
#8 /Users/Emirock/Documents/Tec/5to_Semestre/SoftQ/AMMSKLaravel/vendor/laravel/framework/src/Illuminate/Database/Eloquent/Model.php(476): Illuminate\\Database\\Eloquent\\Builder->get(Array)
#9 /Users/Emirock/Documents/Tec/5to_Semestre/SoftQ/AMMSKLaravel/app/Http/Controllers/VacationsController.php(19): Illuminate\\Database\\Eloquent\\Model::all()
#10 /Users/Emirock/Documents/Tec/5to_Semestre/SoftQ/AMMSKLaravel/vendor/laravel/framework/src/Illuminate/Routing/Controller.php(54): App\\Http\\Controllers\\VacationsController->index()
#11 /Users/Emirock/Documents/Tec/5to_Semestre/SoftQ/AMMSKLaravel/vendor/laravel/framework/src/Illuminate/Routing/ControllerDispatcher.php(45): Illuminate\\Routing\\Controller->callAction('index', Array)
#12 /Users/Emirock/Documents/Tec/5to_Semestre/SoftQ/AMMSKLaravel/vendor/laravel/framework/src/Illuminate/Routing/Route.php(255): Illuminate\\Routing\\ControllerDispatcher->dispatch(Object(Illuminate\\Routing\\Route), Object(App\\Http\\Controllers\\VacationsController), 'index')
#13 /Users/Emirock/Documents/Tec/5to_Semestre/SoftQ/AMMSKLaravel/vendor/laravel/framework/src/Illuminate/Routing/Route.php(197): Illuminate\\Routing\\Route->runController()
#14 /Users/Emirock/Documents/Tec/5to_Semestre/SoftQ/AMMSKLaravel/vendor/laravel/framework/src/Illuminate/Routing/Router.php(691): Illuminate\\Routing\\Route->run()
#15 /Users/Emirock/Documents/Tec/5to_Semestre/SoftQ/AMMSKLaravel/vendor/laravel/framework/src/Illuminate/Pipeline/Pipeline.php(128): Illuminate\\Routing\\Router->Illuminate\\Routing\\{closure}(Object(Illuminate\\Http\\Request))
#16 /Users/Emirock/Documents/Tec/5to_Semestre/SoftQ/AMMSKLaravel/vendor/laravel/framework/src/Illuminate/Routing/Middleware/SubstituteBindings.php(41): Illuminate\\Pipeline\\Pipeline->Illuminate\\Pipeline\\{closure}(Object(Illuminate\\Http\\Request))
#17 /Users/Emirock/Documents/Tec/5to_Semestre/SoftQ/AMMSKLaravel/vendor/laravel/framework/src/Illuminate/Pipeline/Pipeline.php(167): Illuminate\\Routing\\Middleware\\SubstituteBindings->handle(Object(Illuminate\\Http\\Request), Object(Closure))
#18 /Users/Emirock/Documents/Tec/5to_Semestre/SoftQ/AMMSKLaravel/vendor/laravel/framework/src/Illuminate/Routing/Middleware/ThrottleRequests.php(127): Illuminate\\Pipeline\\Pipeline->Illuminate\\Pipeline\\{closure}(Object(Illuminate\\Http\\Request))
#19 /Users/Emirock/Documents/Tec/5to_Semestre/SoftQ/AMMSKLaravel/vendor/laravel/framework/src/Illuminate/Routing/Middleware/ThrottleRequests.php(103): Illuminate\\Routing\\Middleware\\ThrottleRequests->handleRequest(Object(Illuminate\\Http\\Request), Object(Closure), Array)
#20 /Users/Emirock/Documents/Tec/5to_Semestre/SoftQ/AMMSKLaravel/vendor/laravel/framework/src/Illuminate/Routing/Middleware/ThrottleRequests.php(55): Illuminate\\Routing\\Middleware\\ThrottleRequests->handleRequestUsingNamedLimiter(Object(Illuminate\\Http\\Request), Object(Closure), 'api', Object(Closure))
#21 /Users/Emirock/Documents/Tec/5to_Semestre/SoftQ/AMMSKLaravel/vendor/laravel/framework/src/Illuminate/Pipeline/Pipeline.php(167): Illuminate\\Routing\\Middleware\\ThrottleRequests->handle(Object(Illuminate\\Http\\Request), Object(Closure), 'api')
#22 /Users/Emirock/Documents/Tec/5to_Semestre/SoftQ/AMMSKLaravel/vendor/laravel/framework/src/Illuminate/Pipeline/Pipeline.php(103): Illuminate\\Pipeline\\Pipeline->Illuminate\\Pipeline\\{closure}(Object(Illuminate\\Http\\Request))
#23 /Users/Emirock/Documents/Tec/5to_Semestre/SoftQ/AMMSKLaravel/vendor/laravel/framework/src/Illuminate/Routing/Router.php(693): Illuminate\\Pipeline\\Pipeline->then(Object(Closure))
#24 /Users/Emirock/Documents/Tec/5to_Semestre/SoftQ/AMMSKLaravel/vendor/laravel/framework/src/Illuminate/Routing/Router.php(668): Illuminate\\Routing\\Router->runRouteWithinStack(Object(Illuminate\\Routing\\Route), Object(Illuminate\\Http\\Request))
#25 /Users/Emirock/Documents/Tec/5to_Semestre/SoftQ/AMMSKLaravel/vendor/laravel/framework/src/Illuminate/Routing/Router.php(634): Illuminate\\Routing\\Router->runRoute(Object(Illuminate\\Http\\Request), Object(Illuminate\\Routing\\Route))
#26 /Users/Emirock/Documents/Tec/5to_Semestre/SoftQ/AMMSKLaravel/vendor/laravel/framework/src/Illuminate/Routing/Router.php(623): Illuminate\\Routing\\Router->dispatchToRoute(Object(Illuminate\\Http\\Request))
#27 /Users/Emirock/Documents/Tec/5to_Semestre/SoftQ/AMMSKLaravel/vendor/laravel/framework/src/Illuminate/Foundation/Http/Kernel.php(166): Illuminate\\Routing\\Router->dispatch(Object(Illuminate\\Http\\Request))
#28 /Users/Emirock/Documents/Tec/5to_Semestre/SoftQ/AMMSKLaravel/vendor/laravel/framework/src/Illuminate/Pipeline/Pipeline.php(128): Illuminate\\Foundation\\Http\\Kernel->Illuminate\\Foundation\\Http\\{closure}(Object(Illuminate\\Http\\Request))
#29 /Users/Emirock/Documents/Tec/5to_Semestre/SoftQ/AMMSKLaravel/vendor/laravel/framework/src/Illuminate/Foundation/Http/Middleware/TransformsRequest.php(21): Illuminate\\Pipeline\\Pipeline->Illuminate\\Pipeline\\{closure}(Object(Illuminate\\Http\\Request))
#30 /Users/Emirock/Documents/Tec/5to_Semestre/SoftQ/AMMSKLaravel/vendor/laravel/framework/src/Illuminate/Pipeline/Pipeline.php(167): Illuminate\\Foundation\\Http\\Middleware\\TransformsRequest->handle(Object(Illuminate\\Http\\Request), Object(Closure))
#31 /Users/Emirock/Documents/Tec/5to_Semestre/SoftQ/AMMSKLaravel/vendor/laravel/framework/src/Illuminate/Foundation/Http/Middleware/TransformsRequest.php(21): Illuminate\\Pipeline\\Pipeline->Illuminate\\Pipeline\\{closure}(Object(Illuminate\\Http\\Request))
#32 /Users/Emirock/Documents/Tec/5to_Semestre/SoftQ/AMMSKLaravel/vendor/laravel/framework/src/Illuminate/Pipeline/Pipeline.php(167): Illuminate\\Foundation\\Http\\Middleware\\TransformsRequest->handle(Object(Illuminate\\Http\\Request), Object(Closure))
#33 /Users/Emirock/Documents/Tec/5to_Semestre/SoftQ/AMMSKLaravel/vendor/laravel/framework/src/Illuminate/Foundation/Http/Middleware/ValidatePostSize.php(27): Illuminate\\Pipeline\\Pipeline->Illuminate\\Pipeline\\{closure}(Object(Illuminate\\Http\\Request))
#34 /Users/Emirock/Documents/Tec/5to_Semestre/SoftQ/AMMSKLaravel/vendor/laravel/framework/src/Illuminate/Pipeline/Pipeline.php(167): Illuminate\\Foundation\\Http\\Middleware\\ValidatePostSize->handle(Object(Illuminate\\Http\\Request), Object(Closure))
#35 /Users/Emirock/Documents/Tec/5to_Semestre/SoftQ/AMMSKLaravel/vendor/laravel/framework/src/Illuminate/Foundation/Http/Middleware/PreventRequestsDuringMaintenance.php(87): Illuminate\\Pipeline\\Pipeline->Illuminate\\Pipeline\\{closure}(Object(Illuminate\\Http\\Request))
#36 /Users/Emirock/Documents/Tec/5to_Semestre/SoftQ/AMMSKLaravel/vendor/laravel/framework/src/Illuminate/Pipeline/Pipeline.php(167): Illuminate\\Foundation\\Http\\Middleware\\PreventRequestsDuringMaintenance->handle(Object(Illuminate\\Http\\Request), Object(Closure))
#37 /Users/Emirock/Documents/Tec/5to_Semestre/SoftQ/AMMSKLaravel/vendor/fruitcake/laravel-cors/src/HandleCors.php(57): Illuminate\\Pipeline\\Pipeline->Illuminate\\Pipeline\\{closure}(Object(Illuminate\\Http\\Request))
#38 /Users/Emirock/Documents/Tec/5to_Semestre/SoftQ/AMMSKLaravel/vendor/laravel/framework/src/Illuminate/Pipeline/Pipeline.php(167): Fruitcake\\Cors\\HandleCors->handle(Object(Illuminate\\Http\\Request), Object(Closure))
#39 /Users/Emirock/Documents/Tec/5to_Semestre/SoftQ/AMMSKLaravel/vendor/fideloper/proxy/src/TrustProxies.php(57): Illuminate\\Pipeline\\Pipeline->Illuminate\\Pipeline\\{closure}(Object(Illuminate\\Http\\Request))
#40 /Users/Emirock/Documents/Tec/5to_Semestre/SoftQ/AMMSKLaravel/vendor/laravel/framework/src/Illuminate/Pipeline/Pipeline.php(167): Fideloper\\Proxy\\TrustProxies->handle(Object(Illuminate\\Http\\Request), Object(Closure))
#41 /Users/Emirock/Documents/Tec/5to_Semestre/SoftQ/AMMSKLaravel/vendor/laravel/framework/src/Illuminate/Pipeline/Pipeline.php(103): Illuminate\\Pipeline\\Pipeline->Illuminate\\Pipeline\\{closure}(Object(Illuminate\\Http\\Request))
#42 /Users/Emirock/Documents/Tec/5to_Semestre/SoftQ/AMMSKLaravel/vendor/laravel/framework/src/Illuminate/Foundation/Http/Kernel.php(141): Illuminate\\Pipeline\\Pipeline->then(Object(Closure))
#43 /Users/Emirock/Documents/Tec/5to_Semestre/SoftQ/AMMSKLaravel/vendor/laravel/framework/src/Illuminate/Foundation/Http/Kernel.php(110): Illuminate\\Foundation\\Http\\Kernel->sendRequestThroughRouter(Object(Illuminate\\Http\\Request))
#44 /Users/Emirock/Documents/Tec/5to_Semestre/SoftQ/AMMSKLaravel/public/index.php(52): Illuminate\\Foundation\\Http\\Kernel->handle(Object(Illuminate\\Http\\Request))
#45 /Users/Emirock/Documents/Tec/5to_Semestre/SoftQ/AMMSKLaravel/server.php(21): require_once('/Users/Emirock/...')
#46 {main}

[previous exception] [object] (PDOException(code: 1049): SQLSTATE[HY000] [1049] Unknown database 'softq' at /Users/Emirock/Documents/Tec/5to_Semestre/SoftQ/AMMSKLaravel/vendor/laravel/framework/src/Illuminate/Database/Connectors/Connector.php:70)
[stacktrace]
#0 /Users/Emirock/Documents/Tec/5to_Semestre/SoftQ/AMMSKLaravel/vendor/laravel/framework/src/Illuminate/Database/Connectors/Connector.php(70): PDO->__construct('mysql:host=127....', 'root', '', Array)
#1 /Users/Emirock/Documents/Tec/5to_Semestre/SoftQ/AMMSKLaravel/vendor/laravel/framework/src/Illuminate/Database/Connectors/Connector.php(46): Illuminate\\Database\\Connectors\\Connector->createPdoConnection('mysql:host=127....', 'root', '', Array)
#2 /Users/Emirock/Documents/Tec/5to_Semestre/SoftQ/AMMSKLaravel/vendor/laravel/framework/src/Illuminate/Database/Connectors/MySqlConnector.php(24): Illuminate\\Database\\Connectors\\Connector->createConnection('mysql:host=127....', Array, Array)
#3 /Users/Emirock/Documents/Tec/5to_Semestre/SoftQ/AMMSKLaravel/vendor/laravel/framework/src/Illuminate/Database/Connectors/ConnectionFactory.php(184): Illuminate\\Database\\Connectors\\MySqlConnector->connect(Array)
#4 [internal function]: Illuminate\\Database\\Connectors\\ConnectionFactory->Illuminate\\Database\\Connectors\\{closure}()
#5 /Users/Emirock/Documents/Tec/5to_Semestre/SoftQ/AMMSKLaravel/vendor/laravel/framework/src/Illuminate/Database/Connection.php(926): call_user_func(Object(Closure))
#6 /Users/Emirock/Documents/Tec/5to_Semestre/SoftQ/AMMSKLaravel/vendor/laravel/framework/src/Illuminate/Database/Connection.php(961): Illuminate\\Database\\Connection->getPdo()
#7 /Users/Emirock/Documents/Tec/5to_Semestre/SoftQ/AMMSKLaravel/vendor/laravel/framework/src/Illuminate/Database/Connection.php(405): Illuminate\\Database\\Connection->getReadPdo()
#8 /Users/Emirock/Documents/Tec/5to_Semestre/SoftQ/AMMSKLaravel/vendor/laravel/framework/src/Illuminate/Database/Connection.php(331): Illuminate\\Database\\Connection->getPdoForSelect(true)
#9 /Users/Emirock/Documents/Tec/5to_Semestre/SoftQ/AMMSKLaravel/vendor/laravel/framework/src/Illuminate/Database/Connection.php(664): Illuminate\\Database\\Connection->Illuminate\\Database\\{closure}('select * from `...', Array)
#10 /Users/Emirock/Documents/Tec/5to_Semestre/SoftQ/AMMSKLaravel/vendor/laravel/framework/src/Illuminate/Database/Connection.php(631): Illuminate\\Database\\Connection->runQueryCallback('select * from `...', Array, Object(Closure))
#11 /Users/Emirock/Documents/Tec/5to_Semestre/SoftQ/AMMSKLaravel/vendor/laravel/framework/src/Illuminate/Database/Connection.php(339): Illuminate\\Database\\Connection->run('select * from `...', Array, Object(Closure))
#12 /Users/Emirock/Documents/Tec/5to_Semestre/SoftQ/AMMSKLaravel/vendor/laravel/framework/src/Illuminate/Database/Query/Builder.php(2303): Illuminate\\Database\\Connection->select('select * from `...', Array, true)
#13 /Users/Emirock/Documents/Tec/5to_Semestre/SoftQ/AMMSKLaravel/vendor/laravel/framework/src/Illuminate/Database/Query/Builder.php(2291): Illuminate\\Database\\Query\\Builder->runSelect()
#14 /Users/Emirock/Documents/Tec/5to_Semestre/SoftQ/AMMSKLaravel/vendor/laravel/framework/src/Illuminate/Database/Query/Builder.php(2786): Illuminate\\Database\\Query\\Builder->Illuminate\\Database\\Query\\{closure}()
#15 /Users/Emirock/Documents/Tec/5to_Semestre/SoftQ/AMMSKLaravel/vendor/laravel/framework/src/Illuminate/Database/Query/Builder.php(2292): Illuminate\\Database\\Query\\Builder->onceWithColumns(Array, Object(Closure))
#16 /Users/Emirock/Documents/Tec/5to_Semestre/SoftQ/AMMSKLaravel/vendor/laravel/framework/src/Illuminate/Database/Eloquent/Builder.php(549): Illuminate\\Database\\Query\\Builder->get(Array)
#17 /Users/Emirock/Documents/Tec/5to_Semestre/SoftQ/AMMSKLaravel/vendor/laravel/framework/src/Illuminate/Database/Eloquent/Builder.php(533): Illuminate\\Database\\Eloquent\\Builder->getModels(Array)
#18 /Users/Emirock/Documents/Tec/5to_Semestre/SoftQ/AMMSKLaravel/vendor/laravel/framework/src/Illuminate/Database/Eloquent/Model.php(476): Illuminate\\Database\\Eloquent\\Builder->get(Array)
#19 /Users/Emirock/Documents/Tec/5to_Semestre/SoftQ/AMMSKLaravel/app/Http/Controllers/VacationsController.php(19): Illuminate\\Database\\Eloquent\\Model::all()
#20 /Users/Emirock/Documents/Tec/5to_Semestre/SoftQ/AMMSKLaravel/vendor/laravel/framework/src/Illuminate/Routing/Controller.php(54): App\\Http\\Controllers\\VacationsController->index()
#21 /Users/Emirock/Documents/Tec/5to_Semestre/SoftQ/AMMSKLaravel/vendor/laravel/framework/src/Illuminate/Routing/ControllerDispatcher.php(45): Illuminate\\Routing\\Controller->callAction('index', Array)
#22 /Users/Emirock/Documents/Tec/5to_Semestre/SoftQ/AMMSKLaravel/vendor/laravel/framework/src/Illuminate/Routing/Route.php(255): Illuminate\\Routing\\ControllerDispatcher->dispatch(Object(Illuminate\\Routing\\Route), Object(App\\Http\\Controllers\\VacationsController), 'index')
#23 /Users/Emirock/Documents/Tec/5to_Semestre/SoftQ/AMMSKLaravel/vendor/laravel/framework/src/Illuminate/Routing/Route.php(197): Illuminate\\Routing\\Route->runController()
#24 /Users/Emirock/Documents/Tec/5to_Semestre/SoftQ/AMMSKLaravel/vendor/laravel/framework/src/Illuminate/Routing/Router.php(691): Illuminate\\Routing\\Route->run()
#25 /Users/Emirock/Documents/Tec/5to_Semestre/SoftQ/AMMSKLaravel/vendor/laravel/framework/src/Illuminate/Pipeline/Pipeline.php(128): Illuminate\\Routing\\Router->Illuminate\\Routing\\{closure}(Object(Illuminate\\Http\\Request))
#26 /Users/Emirock/Documents/Tec/5to_Semestre/SoftQ/AMMSKLaravel/vendor/laravel/framework/src/Illuminate/Routing/Middleware/SubstituteBindings.php(41): Illuminate\\Pipeline\\Pipeline->Illuminate\\Pipeline\\{closure}(Object(Illuminate\\Http\\Request))
#27 /Users/Emirock/Documents/Tec/5to_Semestre/SoftQ/AMMSKLaravel/vendor/laravel/framework/src/Illuminate/Pipeline/Pipeline.php(167): Illuminate\\Routing\\Middleware\\SubstituteBindings->handle(Object(Illuminate\\Http\\Request), Object(Closure))
#28 /Users/Emirock/Documents/Tec/5to_Semestre/SoftQ/AMMSKLaravel/vendor/laravel/framework/src/Illuminate/Routing/Middleware/ThrottleRequests.php(127): Illuminate\\Pipeline\\Pipeline->Illuminate\\Pipeline\\{closure}(Object(Illuminate\\Http\\Request))
#29 /Users/Emirock/Documents/Tec/5to_Semestre/SoftQ/AMMSKLaravel/vendor/laravel/framework/src/Illuminate/Routing/Middleware/ThrottleRequests.php(103): Illuminate\\Routing\\Middleware\\ThrottleRequests->handleRequest(Object(Illuminate\\Http\\Request), Object(Closure), Array)
#30 /Users/Emirock/Documents/Tec/5to_Semestre/SoftQ/AMMSKLaravel/vendor/laravel/framework/src/Illuminate/Routing/Middleware/ThrottleRequests.php(55): Illuminate\\Routing\\Middleware\\ThrottleRequests->handleRequestUsingNamedLimiter(Object(Illuminate\\Http\\Request), Object(Closure), 'api', Object(Closure))
#31 /Users/Emirock/Documents/Tec/5to_Semestre/SoftQ/AMMSKLaravel/vendor/laravel/framework/src/Illuminate/Pipeline/Pipeline.php(167): Illuminate\\Routing\\Middleware\\ThrottleRequests->handle(Object(Illuminate\\Http\\Request), Object(Closure), 'api')
#32 /Users/Emirock/Documents/Tec/5to_Semestre/SoftQ/AMMSKLaravel/vendor/laravel/framework/src/Illuminate/Pipeline/Pipeline.php(103): Illuminate\\Pipeline\\Pipeline->Illuminate\\Pipeline\\{closure}(Object(Illuminate\\Http\\Request))
#33 /Users/Emirock/Documents/Tec/5to_Semestre/SoftQ/AMMSKLaravel/vendor/laravel/framework/src/Illuminate/Routing/Router.php(693): Illuminate\\Pipeline\\Pipeline->then(Object(Closure))
#34 /Users/Emirock/Documents/Tec/5to_Semestre/SoftQ/AMMSKLaravel/vendor/laravel/framework/src/Illuminate/Routing/Router.php(668): Illuminate\\Routing\\Router->runRouteWithinStack(Object(Illuminate\\Routing\\Route), Object(Illuminate\\Http\\Request))
#35 /Users/Emirock/Documents/Tec/5to_Semestre/SoftQ/AMMSKLaravel/vendor/laravel/framework/src/Illuminate/Routing/Router.php(634): Illuminate\\Routing\\Router->runRoute(Object(Illuminate\\Http\\Request), Object(Illuminate\\Routing\\Route))
#36 /Users/Emirock/Documents/Tec/5to_Semestre/SoftQ/AMMSKLaravel/vendor/laravel/framework/src/Illuminate/Routing/Router.php(623): Illuminate\\Routing\\Router->dispatchToRoute(Object(Illuminate\\Http\\Request))
#37 /Users/Emirock/Documents/Tec/5to_Semestre/SoftQ/AMMSKLaravel/vendor/laravel/framework/src/Illuminate/Foundation/Http/Kernel.php(166): Illuminate\\Routing\\Router->dispatch(Object(Illuminate\\Http\\Request))
#38 /Users/Emirock/Documents/Tec/5to_Semestre/SoftQ/AMMSKLaravel/vendor/laravel/framework/src/Illuminate/Pipeline/Pipeline.php(128): Illuminate\\Foundation\\Http\\Kernel->Illuminate\\Foundation\\Http\\{closure}(Object(Illuminate\\Http\\Request))
#39 /Users/Emirock/Documents/Tec/5to_Semestre/SoftQ/AMMSKLaravel/vendor/laravel/framework/src/Illuminate/Foundation/Http/Middleware/TransformsRequest.php(21): Illuminate\\Pipeline\\Pipeline->Illuminate\\Pipeline\\{closure}(Object(Illuminate\\Http\\Request))
#40 /Users/Emirock/Documents/Tec/5to_Semestre/SoftQ/AMMSKLaravel/vendor/laravel/framework/src/Illuminate/Pipeline/Pipeline.php(167): Illuminate\\Foundation\\Http\\Middleware\\TransformsRequest->handle(Object(Illuminate\\Http\\Request), Object(Closure))
#41 /Users/Emirock/Documents/Tec/5to_Semestre/SoftQ/AMMSKLaravel/vendor/laravel/framework/src/Illuminate/Foundation/Http/Middleware/TransformsRequest.php(21): Illuminate\\Pipeline\\Pipeline->Illuminate\\Pipeline\\{closure}(Object(Illuminate\\Http\\Request))
#42 /Users/Emirock/Documents/Tec/5to_Semestre/SoftQ/AMMSKLaravel/vendor/laravel/framework/src/Illuminate/Pipeline/Pipeline.php(167): Illuminate\\Foundation\\Http\\Middleware\\TransformsRequest->handle(Object(Illuminate\\Http\\Request), Object(Closure))
#43 /Users/Emirock/Documents/Tec/5to_Semestre/SoftQ/AMMSKLaravel/vendor/laravel/framework/src/Illuminate/Foundation/Http/Middleware/ValidatePostSize.php(27): Illuminate\\Pipeline\\Pipeline->Illuminate\\Pipeline\\{closure}(Object(Illuminate\\Http\\Request))
#44 /Users/Emirock/Documents/Tec/5to_Semestre/SoftQ/AMMSKLaravel/vendor/laravel/framework/src/Illuminate/Pipeline/Pipeline.php(167): Illuminate\\Foundation\\Http\\Middleware\\ValidatePostSize->handle(Object(Illuminate\\Http\\Request), Object(Closure))
#45 /Users/Emirock/Documents/Tec/5to_Semestre/SoftQ/AMMSKLaravel/vendor/laravel/framework/src/Illuminate/Foundation/Http/Middleware/PreventRequestsDuringMaintenance.php(87): Illuminate\\Pipeline\\Pipeline->Illuminate\\Pipeline\\{closure}(Object(Illuminate\\Http\\Request))
#46 /Users/Emirock/Documents/Tec/5to_Semestre/SoftQ/AMMSKLaravel/vendor/laravel/framework/src/Illuminate/Pipeline/Pipeline.php(167): Illuminate\\Foundation\\Http\\Middleware\\PreventRequestsDuringMaintenance->handle(Object(Illuminate\\Http\\Request), Object(Closure))
#47 /Users/Emirock/Documents/Tec/5to_Semestre/SoftQ/AMMSKLaravel/vendor/fruitcake/laravel-cors/src/HandleCors.php(57): Illuminate\\Pipeline\\Pipeline->Illuminate\\Pipeline\\{closure}(Object(Illuminate\\Http\\Request))
#48 /Users/Emirock/Documents/Tec/5to_Semestre/SoftQ/AMMSKLaravel/vendor/laravel/framework/src/Illuminate/Pipeline/Pipeline.php(167): Fruitcake\\Cors\\HandleCors->handle(Object(Illuminate\\Http\\Request), Object(Closure))
#49 /Users/Emirock/Documents/Tec/5to_Semestre/SoftQ/AMMSKLaravel/vendor/fideloper/proxy/src/TrustProxies.php(57): Illuminate\\Pipeline\\Pipeline->Illuminate\\Pipeline\\{closure}(Object(Illuminate\\Http\\Request))
#50 /Users/Emirock/Documents/Tec/5to_Semestre/SoftQ/AMMSKLaravel/vendor/laravel/framework/src/Illuminate/Pipeline/Pipeline.php(167): Fideloper\\Proxy\\TrustProxies->handle(Object(Illuminate\\Http\\Request), Object(Closure))
#51 /Users/Emirock/Documents/Tec/5to_Semestre/SoftQ/AMMSKLaravel/vendor/laravel/framework/src/Illuminate/Pipeline/Pipeline.php(103): Illuminate\\Pipeline\\Pipeline->Illuminate\\Pipeline\\{closure}(Object(Illuminate\\Http\\Request))
#52 /Users/Emirock/Documents/Tec/5to_Semestre/SoftQ/AMMSKLaravel/vendor/laravel/framework/src/Illuminate/Foundation/Http/Kernel.php(141): Illuminate\\Pipeline\\Pipeline->then(Object(Closure))
#53 /Users/Emirock/Documents/Tec/5to_Semestre/SoftQ/AMMSKLaravel/vendor/laravel/framework/src/Illuminate/Foundation/Http/Kernel.php(110): Illuminate\\Foundation\\Http\\Kernel->sendRequestThroughRouter(Object(Illuminate\\Http\\Request))
#54 /Users/Emirock/Documents/Tec/5to_Semestre/SoftQ/AMMSKLaravel/public/index.php(52): Illuminate\\Foundation\\Http\\Kernel->handle(Object(Illuminate\\Http\\Request))
#55 /Users/Emirock/Documents/Tec/5to_Semestre/SoftQ/AMMSKLaravel/server.php(21): require_once('/Users/Emirock/...')
#56 {main}
"} 
[2020-11-03 21:28:27] local.ERROR: Method Illuminate\Database\Eloquent\Collection::delete does not exist. {"exception":"[object] (BadMethodCallException(code: 0): Method Illuminate\\Database\\Eloquent\\Collection::delete does not exist. at /Users/Emirock/Documents/Tec/5to_Semestre/SoftQ/AMMSKLaravel/vendor/laravel/framework/src/Illuminate/Macroable/Traits/Macroable.php:103)
[stacktrace]
#0 /Users/Emirock/Documents/Tec/5to_Semestre/SoftQ/AMMSKLaravel/app/Http/Controllers/VacationsController.php(87): Illuminate\\Support\\Collection->__call('delete', Array)
#1 /Users/Emirock/Documents/Tec/5to_Semestre/SoftQ/AMMSKLaravel/vendor/laravel/framework/src/Illuminate/Routing/Controller.php(54): App\\Http\\Controllers\\VacationsController->destroy(Object(Illuminate\\Database\\Eloquent\\Collection), '5')
#2 /Users/Emirock/Documents/Tec/5to_Semestre/SoftQ/AMMSKLaravel/vendor/laravel/framework/src/Illuminate/Routing/ControllerDispatcher.php(45): Illuminate\\Routing\\Controller->callAction('destroy', Array)
#3 /Users/Emirock/Documents/Tec/5to_Semestre/SoftQ/AMMSKLaravel/vendor/laravel/framework/src/Illuminate/Routing/Route.php(255): Illuminate\\Routing\\ControllerDispatcher->dispatch(Object(Illuminate\\Routing\\Route), Object(App\\Http\\Controllers\\VacationsController), 'destroy')
#4 /Users/Emirock/Documents/Tec/5to_Semestre/SoftQ/AMMSKLaravel/vendor/laravel/framework/src/Illuminate/Routing/Route.php(197): Illuminate\\Routing\\Route->runController()
#5 /Users/Emirock/Documents/Tec/5to_Semestre/SoftQ/AMMSKLaravel/vendor/laravel/framework/src/Illuminate/Routing/Router.php(691): Illuminate\\Routing\\Route->run()
#6 /Users/Emirock/Documents/Tec/5to_Semestre/SoftQ/AMMSKLaravel/vendor/laravel/framework/src/Illuminate/Pipeline/Pipeline.php(128): Illuminate\\Routing\\Router->Illuminate\\Routing\\{closure}(Object(Illuminate\\Http\\Request))
#7 /Users/Emirock/Documents/Tec/5to_Semestre/SoftQ/AMMSKLaravel/vendor/laravel/framework/src/Illuminate/Routing/Middleware/SubstituteBindings.php(41): Illuminate\\Pipeline\\Pipeline->Illuminate\\Pipeline\\{closure}(Object(Illuminate\\Http\\Request))
#8 /Users/Emirock/Documents/Tec/5to_Semestre/SoftQ/AMMSKLaravel/vendor/laravel/framework/src/Illuminate/Pipeline/Pipeline.php(167): Illuminate\\Routing\\Middleware\\SubstituteBindings->handle(Object(Illuminate\\Http\\Request), Object(Closure))
#9 /Users/Emirock/Documents/Tec/5to_Semestre/SoftQ/AMMSKLaravel/vendor/laravel/framework/src/Illuminate/Routing/Middleware/ThrottleRequests.php(127): Illuminate\\Pipeline\\Pipeline->Illuminate\\Pipeline\\{closure}(Object(Illuminate\\Http\\Request))
#10 /Users/Emirock/Documents/Tec/5to_Semestre/SoftQ/AMMSKLaravel/vendor/laravel/framework/src/Illuminate/Routing/Middleware/ThrottleRequests.php(103): Illuminate\\Routing\\Middleware\\ThrottleRequests->handleRequest(Object(Illuminate\\Http\\Request), Object(Closure), Array)
#11 /Users/Emirock/Documents/Tec/5to_Semestre/SoftQ/AMMSKLaravel/vendor/laravel/framework/src/Illuminate/Routing/Middleware/ThrottleRequests.php(55): Illuminate\\Routing\\Middleware\\ThrottleRequests->handleRequestUsingNamedLimiter(Object(Illuminate\\Http\\Request), Object(Closure), 'api', Object(Closure))
#12 /Users/Emirock/Documents/Tec/5to_Semestre/SoftQ/AMMSKLaravel/vendor/laravel/framework/src/Illuminate/Pipeline/Pipeline.php(167): Illuminate\\Routing\\Middleware\\ThrottleRequests->handle(Object(Illuminate\\Http\\Request), Object(Closure), 'api')
#13 /Users/Emirock/Documents/Tec/5to_Semestre/SoftQ/AMMSKLaravel/vendor/laravel/framework/src/Illuminate/Pipeline/Pipeline.php(103): Illuminate\\Pipeline\\Pipeline->Illuminate\\Pipeline\\{closure}(Object(Illuminate\\Http\\Request))
#14 /Users/Emirock/Documents/Tec/5to_Semestre/SoftQ/AMMSKLaravel/vendor/laravel/framework/src/Illuminate/Routing/Router.php(693): Illuminate\\Pipeline\\Pipeline->then(Object(Closure))
#15 /Users/Emirock/Documents/Tec/5to_Semestre/SoftQ/AMMSKLaravel/vendor/laravel/framework/src/Illuminate/Routing/Router.php(668): Illuminate\\Routing\\Router->runRouteWithinStack(Object(Illuminate\\Routing\\Route), Object(Illuminate\\Http\\Request))
#16 /Users/Emirock/Documents/Tec/5to_Semestre/SoftQ/AMMSKLaravel/vendor/laravel/framework/src/Illuminate/Routing/Router.php(634): Illuminate\\Routing\\Router->runRoute(Object(Illuminate\\Http\\Request), Object(Illuminate\\Routing\\Route))
#17 /Users/Emirock/Documents/Tec/5to_Semestre/SoftQ/AMMSKLaravel/vendor/laravel/framework/src/Illuminate/Routing/Router.php(623): Illuminate\\Routing\\Router->dispatchToRoute(Object(Illuminate\\Http\\Request))
#18 /Users/Emirock/Documents/Tec/5to_Semestre/SoftQ/AMMSKLaravel/vendor/laravel/framework/src/Illuminate/Foundation/Http/Kernel.php(166): Illuminate\\Routing\\Router->dispatch(Object(Illuminate\\Http\\Request))
#19 /Users/Emirock/Documents/Tec/5to_Semestre/SoftQ/AMMSKLaravel/vendor/laravel/framework/src/Illuminate/Pipeline/Pipeline.php(128): Illuminate\\Foundation\\Http\\Kernel->Illuminate\\Foundation\\Http\\{closure}(Object(Illuminate\\Http\\Request))
#20 /Users/Emirock/Documents/Tec/5to_Semestre/SoftQ/AMMSKLaravel/vendor/laravel/framework/src/Illuminate/Foundation/Http/Middleware/TransformsRequest.php(21): Illuminate\\Pipeline\\Pipeline->Illuminate\\Pipeline\\{closure}(Object(Illuminate\\Http\\Request))
#21 /Users/Emirock/Documents/Tec/5to_Semestre/SoftQ/AMMSKLaravel/vendor/laravel/framework/src/Illuminate/Pipeline/Pipeline.php(167): Illuminate\\Foundation\\Http\\Middleware\\TransformsRequest->handle(Object(Illuminate\\Http\\Request), Object(Closure))
#22 /Users/Emirock/Documents/Tec/5to_Semestre/SoftQ/AMMSKLaravel/vendor/laravel/framework/src/Illuminate/Foundation/Http/Middleware/TransformsRequest.php(21): Illuminate\\Pipeline\\Pipeline->Illuminate\\Pipeline\\{closure}(Object(Illuminate\\Http\\Request))
#23 /Users/Emirock/Documents/Tec/5to_Semestre/SoftQ/AMMSKLaravel/vendor/laravel/framework/src/Illuminate/Pipeline/Pipeline.php(167): Illuminate\\Foundation\\Http\\Middleware\\TransformsRequest->handle(Object(Illuminate\\Http\\Request), Object(Closure))
#24 /Users/Emirock/Documents/Tec/5to_Semestre/SoftQ/AMMSKLaravel/vendor/laravel/framework/src/Illuminate/Foundation/Http/Middleware/ValidatePostSize.php(27): Illuminate\\Pipeline\\Pipeline->Illuminate\\Pipeline\\{closure}(Object(Illuminate\\Http\\Request))
#25 /Users/Emirock/Documents/Tec/5to_Semestre/SoftQ/AMMSKLaravel/vendor/laravel/framework/src/Illuminate/Pipeline/Pipeline.php(167): Illuminate\\Foundation\\Http\\Middleware\\ValidatePostSize->handle(Object(Illuminate\\Http\\Request), Object(Closure))
#26 /Users/Emirock/Documents/Tec/5to_Semestre/SoftQ/AMMSKLaravel/vendor/laravel/framework/src/Illuminate/Foundation/Http/Middleware/PreventRequestsDuringMaintenance.php(87): Illuminate\\Pipeline\\Pipeline->Illuminate\\Pipeline\\{closure}(Object(Illuminate\\Http\\Request))
#27 /Users/Emirock/Documents/Tec/5to_Semestre/SoftQ/AMMSKLaravel/vendor/laravel/framework/src/Illuminate/Pipeline/Pipeline.php(167): Illuminate\\Foundation\\Http\\Middleware\\PreventRequestsDuringMaintenance->handle(Object(Illuminate\\Http\\Request), Object(Closure))
#28 /Users/Emirock/Documents/Tec/5to_Semestre/SoftQ/AMMSKLaravel/vendor/fruitcake/laravel-cors/src/HandleCors.php(57): Illuminate\\Pipeline\\Pipeline->Illuminate\\Pipeline\\{closure}(Object(Illuminate\\Http\\Request))
#29 /Users/Emirock/Documents/Tec/5to_Semestre/SoftQ/AMMSKLaravel/vendor/laravel/framework/src/Illuminate/Pipeline/Pipeline.php(167): Fruitcake\\Cors\\HandleCors->handle(Object(Illuminate\\Http\\Request), Object(Closure))
#30 /Users/Emirock/Documents/Tec/5to_Semestre/SoftQ/AMMSKLaravel/vendor/fideloper/proxy/src/TrustProxies.php(57): Illuminate\\Pipeline\\Pipeline->Illuminate\\Pipeline\\{closure}(Object(Illuminate\\Http\\Request))
#31 /Users/Emirock/Documents/Tec/5to_Semestre/SoftQ/AMMSKLaravel/vendor/laravel/framework/src/Illuminate/Pipeline/Pipeline.php(167): Fideloper\\Proxy\\TrustProxies->handle(Object(Illuminate\\Http\\Request), Object(Closure))
#32 /Users/Emirock/Documents/Tec/5to_Semestre/SoftQ/AMMSKLaravel/vendor/laravel/framework/src/Illuminate/Pipeline/Pipeline.php(103): Illuminate\\Pipeline\\Pipeline->Illuminate\\Pipeline\\{closure}(Object(Illuminate\\Http\\Request))
#33 /Users/Emirock/Documents/Tec/5to_Semestre/SoftQ/AMMSKLaravel/vendor/laravel/framework/src/Illuminate/Foundation/Http/Kernel.php(141): Illuminate\\Pipeline\\Pipeline->then(Object(Closure))
#34 /Users/Emirock/Documents/Tec/5to_Semestre/SoftQ/AMMSKLaravel/vendor/laravel/framework/src/Illuminate/Foundation/Http/Kernel.php(110): Illuminate\\Foundation\\Http\\Kernel->sendRequestThroughRouter(Object(Illuminate\\Http\\Request))
#35 /Users/Emirock/Documents/Tec/5to_Semestre/SoftQ/AMMSKLaravel/public/index.php(52): Illuminate\\Foundation\\Http\\Kernel->handle(Object(Illuminate\\Http\\Request))
#36 /Users/Emirock/Documents/Tec/5to_Semestre/SoftQ/AMMSKLaravel/server.php(21): require_once('/Users/Emirock/...')
#37 {main}
"} 
